<?xml version="1.0" encoding="UTF-8"?>
<!-- Generated by org.testng.reporters.JUnitReportReporter -->
<testsuite hostname="Gauri" failures="0" tests="1" name="Codetest.CartTest" time="61.858" errors="0" timestamp="2024-05-10T05:54:00 IST" skipped="0">
  <testcase classname="Codetest.CartTest" name="AddToCart" time="61.858"/>
</testsuite> <!-- Codetest.CartTest -->
