<?xml version="1.0" encoding="UTF-8"?>
<!-- Generated by org.testng.reporters.JUnitReportReporter -->
<testsuite hostname="Gauri" failures="0" tests="1" name="Codetest.ProductTest" time="46.152" errors="0" timestamp="2024-05-10T06:24:44 IST" skipped="0">
  <testcase classname="Codetest.ProductTest" name="AddToCart" time="46.152"/>
</testsuite> <!-- Codetest.ProductTest -->
