<?xml version="1.0" encoding="UTF-8"?>
<!-- Generated by org.testng.reporters.JUnitReportReporter -->
<testsuite hostname="Gauri" failures="0" tests="1" name="Codetest.LetsShopTest" time="42.773" errors="0" timestamp="2024-05-10T03:33:16 IST" skipped="0">
  <testcase classname="Codetest.LetsShopTest" name="FirstPage" time="42.773"/>
</testsuite> <!-- Codetest.LetsShopTest -->
